<?xml version="1.0" encoding="UTF-8"?>
<!-- Generated by org.testng.reporters.JUnitReportReporter -->
<testsuite skipped="0" hostname="LAPTOP-F5N0NH50" name="testcases.LoginTest" tests="1" failures="0" timestamp="24 五月 2020 15:49:13 GMT" time="14.016" errors="0">
  <testcase name="login_sucess" time="14.016" classname="testcases.LoginTest"/>
</testsuite> <!-- testcases.LoginTest -->
